[LOG] System::create                           : Header version = 1.10.06. Current version = 1.10.06.
[LOG] SystemI::setOutputInternal               : Setting output to 'FMOD WASAPI Output'
[LOG] Manager::init                            : maxchannels = 1024 studioflags = 00000009 flags 00000000 extradriverdata 0000000000000000.
[LOG] SystemI::init                            : Initialize version=11006 (95384), maxchannels=1024, flags=0x00030000
[LOG] OutputWASAPI::init                       : Mix Format (WAVEFORMATEX): wFormatTag=0xFFFE, nChannels=2, nSamplesPerSec=44100, nAvgBytesPerSec=352800, nBlockAlign=8, wBitsPerSample=32, cbSize=22.
[LOG] OutputWASAPI::init                       : Mix Format (WAVEFORMATEXTENSIBLE): wValidBitsPerSample=32, dwChannelMask=0x00000003, SubFormat=00000003-0000-0010-8000-00AA00389B71.
[LOG] OutputWASAPI::init                       : Output buffer size: 3760 samples, latency: 11.61ms, period: 10.00ms, DSP buffer: 1024 * 4
[WRN] SystemI::init                            : Output requires a sample rate of 44100Hz, resampling will occur.
[LOG] Thread::initThread                       : Init FMOD stream thread. Priority: 2, Stack Size: 65536, Semaphore: No, Sleep Time: 10, Looping: Yes.
[LOG] SystemI::DSPCodecPoolRegister            : register codec pool for pool type 5
[LOG] Thread::initThread                       : Init FMOD mixer thread. Priority: 3, Stack Size: 49152, Semaphore: No, Sleep Time: 0, Looping: Yes.
[LOG] AsyncManager::init                       : manager 000000006DF22848 isAsync 1 updatePeriod 0.02
[LOG] Thread::initThread                       : Init FMOD Studio update thread. Priority: 0, Stack Size: 65536, Semaphore: No, Sleep Time: 1, Looping: No.
[LOG] AsyncManager::init                       : done
[LOG] PlaybackSystem::init                     : 
[LOG] Thread::initThread                       : Init FMOD Studio sample load thread. Priority: 0, Stack Size: 65536, Semaphore: No, Sleep Time: 1, Looping: No.
[LOG] PlaybackSystem::init                     : done
[LOG] LiveUpdate::init                         : 
[LOG] Thread::initThread                       : Init FMOD Studio bank load thread. Priority: 0, Stack Size: 65536, Semaphore: No, Sleep Time: 1, Looping: No.
[LOG] Manager::init                            : done.
[LOG] Profile::init                            : Profiler listening on port: 9264
[LOG] Manager::readBank                        : fileversion = 100, compatVersion = 99 (oldest = 44, newest = 100)
[LOG] Manager::readBank                        : fileversion = 100, compatVersion = 99 (oldest = 44, newest = 100)
[LOG] PlaybackSystem::acquireMasterBus         : Setting master channel group format to 6
[LOG] SystemI::createSoundInternal             : Create name='', mode=0x02000202
[LOG] SystemI::createSoundInternal             : exinfo->cbsize             = 232
[LOG] SystemI::createSoundInternal             : exinfo->length             = 7775104
[LOG] SystemI::createSoundInternal             : exinfo->fileoffset         = 119488
[LOG] SystemI::createSoundInternal             : exinfo->numsubsounds       = 1
[LOG] SystemI::createSoundInternal             : exinfo->inclusionlist      = 000000003D1BF5FC
[LOG] SystemI::createSoundInternal             : exinfo->inclusionlistnum   = 1
[LOG] SystemI::createSoundInternal             : exinfo->suggestedsoundtype = 5
[LOG] SystemI::createSoundInternal             : exinfo->useropen           = 000007FEE74FE4B0
[LOG] SystemI::createSoundInternal             : exinfo->userclose          = 000007FEE74FE480
[LOG] SystemI::createSoundInternal             : exinfo->userread           = 000007FEE74FE580
[LOG] SystemI::createSoundInternal             : exinfo->userseek           = 000007FEE74FE640
[LOG] SystemI::createSoundInternal             : exinfo->fileuserdata       = 000000005C617DC8
[LOG] SystemI::createSoundInternal             : exinfo->initialseekpostype = 1
[LOG] SystemI::DSPCodecPoolRegister            : register codec pool for pool type 5
[LOG] SystemI::createSoundInternal             : Sample 0/1: name='idle1', format=2, channels=2, frequency=48000, lengthbytes=14752, lengthpcm=69655, pcmblocksize=0, loopstart=0, loopend=0, mode=0x00000000, channelmask=0x00000000, channelorder=0, peakvolume=0.424957.
[LOG] SystemI::createSoundInternal             : Create name='', mode=0x02000202
[LOG] SystemI::createSoundInternal             : exinfo->cbsize             = 232
[LOG] SystemI::createSoundInternal             : exinfo->length             = 7775104
[LOG] SystemI::createSoundInternal             : exinfo->fileoffset         = 119488
[LOG] SystemI::createSoundInternal             : exinfo->numsubsounds       = 1
[LOG] SystemI::createSoundInternal             : exinfo->inclusionlist      = 000000003D1BF5FC
[LOG] SystemI::createSoundInternal             : exinfo->inclusionlistnum   = 1
[LOG] SystemI::createSoundInternal             : exinfo->suggestedsoundtype = 5
[LOG] SystemI::createSoundInternal             : exinfo->useropen           = 000007FEE74FE4B0
[LOG] SystemI::createSoundInternal             : exinfo->userclose          = 000007FEE74FE480
[LOG] SystemI::createSoundInternal             : exinfo->userread           = 000007FEE74FE580
[LOG] SystemI::createSoundInternal             : exinfo->userseek           = 000007FEE74FE640
[LOG] SystemI::createSoundInternal             : exinfo->fileuserdata       = 000000005C617DC8
[LOG] SystemI::createSoundInternal             : exinfo->initialseekpostype = 1
[LOG] SystemI::DSPCodecPoolRegister            : register codec pool for pool type 5
[LOG] SystemI::createSoundInternal             : Sample 0/1: name='grama1', format=2, channels=1, frequency=48000, lengthbytes=4128, lengthpcm=21522, pcmblocksize=0, loopstart=0, loopend=0, mode=0x00000000, channelmask=0x00000000, channelorder=0, peakvolume=0.304866.
[LOG] SystemI::createSoundInternal             : Create name='', mode=0x02000202
[LOG] SystemI::createSoundInternal             : exinfo->cbsize             = 232
[LOG] SystemI::createSoundInternal             : exinfo->length             = 7775104
[LOG] SystemI::createSoundInternal             : exinfo->fileoffset         = 119488
[LOG] SystemI::createSoundInternal             : exinfo->numsubsounds       = 1
[LOG] SystemI::createSoundInternal             : exinfo->inclusionlist      = 000000003D1BF5FC
[LOG] SystemI::createSoundInternal             : exinfo->inclusionlistnum   = 1
[LOG] SystemI::createSoundInternal             : exinfo->suggestedsoundtype = 5
[LOG] SystemI::createSoundInternal             : exinfo->useropen           = 000007FEE74FE4B0
[LOG] SystemI::createSoundInternal             : exinfo->userclose          = 000007FEE74FE480
[LOG] SystemI::createSoundInternal             : exinfo->userread           = 000007FEE74FE580
[LOG] SystemI::createSoundInternal             : exinfo->userseek           = 000007FEE74FE640
[LOG] SystemI::createSoundInternal             : exinfo->fileuserdata       = 000000005C617DC8
[LOG] SystemI::createSoundInternal             : exinfo->initialseekpostype = 1
[LOG] SystemI::DSPCodecPoolRegister            : register codec pool for pool type 5
[LOG] SystemI::createSoundInternal             : Sample 0/1: name='metal2', format=2, channels=1, frequency=48000, lengthbytes=2976, lengthpcm=16578, pcmblocksize=0, loopstart=0, loopend=0, mode=0x00000000, channelmask=0x00000000, channelorder=0, peakvolume=0.089803.
[LOG] SystemI::createSoundInternal             : Create name='', mode=0x02000202
[LOG] SystemI::createSoundInternal             : exinfo->cbsize             = 232
[LOG] SystemI::createSoundInternal             : exinfo->length             = 7775104
[LOG] SystemI::createSoundInternal             : exinfo->fileoffset         = 119488
[LOG] SystemI::createSoundInternal             : exinfo->numsubsounds       = 1
[LOG] SystemI::createSoundInternal             : exinfo->inclusionlist      = 000000003D1BF5FC
[LOG] SystemI::createSoundInternal             : exinfo->inclusionlistnum   = 1
[LOG] SystemI::createSoundInternal             : exinfo->suggestedsoundtype = 5
[LOG] SystemI::createSoundInternal             : exinfo->useropen           = 000007FEE74FE4B0
[LOG] SystemI::createSoundInternal             : exinfo->userclose          = 000007FEE74FE480
[LOG] SystemI::createSoundInternal             : exinfo->userread           = 000007FEE74FE580
[LOG] SystemI::createSoundInternal             : exinfo->userseek           = 000007FEE74FE640
[LOG] SystemI::createSoundInternal             : exinfo->fileuserdata       = 000000005C617DC8
[LOG] SystemI::createSoundInternal             : exinfo->initialseekpostype = 1
[LOG] SystemI::DSPCodecPoolRegister            : register codec pool for pool type 5
[LOG] SystemI::createSoundInternal             : Sample 0/1: name='madeira-04', format=2, channels=1, frequency=48000, lengthbytes=1568, lengthpcm=7362, pcmblocksize=0, loopstart=0, loopend=0, mode=0x00000000, channelmask=0x00000000, channelorder=0, peakvolume=0.681793.
[LOG] SystemI::createSoundInternal             : Create name='', mode=0x02000202
[LOG] SystemI::createSoundInternal             : exinfo->cbsize             = 232
[LOG] SystemI::createSoundInternal             : exinfo->length             = 7775104
[LOG] SystemI::createSoundInternal             : exinfo->fileoffset         = 119488
[LOG] SystemI::createSoundInternal             : exinfo->numsubsounds       = 1
[LOG] SystemI::createSoundInternal             : exinfo->inclusionlist      = 000000003D1BF5FC
[LOG] SystemI::createSoundInternal             : exinfo->inclusionlistnum   = 1
[LOG] SystemI::createSoundInternal             : exinfo->suggestedsoundtype = 5
[LOG] SystemI::createSoundInternal             : exinfo->useropen           = 000007FEE74FE4B0
[LOG] SystemI::createSoundInternal             : exinfo->userclose          = 000007FEE74FE480
[LOG] SystemI::createSoundInternal             : exinfo->userread           = 000007FEE74FE580
[LOG] SystemI::createSoundInternal             : exinfo->userseek           = 000007FEE74FE640
[LOG] SystemI::createSoundInternal             : exinfo->fileuserdata       = 000000005C617DC8
[LOG] SystemI::createSoundInternal             : exinfo->initialseekpostype = 1
[LOG] SystemI::DSPCodecPoolRegister            : register codec pool for pool type 5
[LOG] SystemI::createSoundInternal             : Sample 0/1: name='madeira-03', format=2, channels=1, frequency=48000, lengthbytes=1376, lengthpcm=7362, pcmblocksize=0, loopstart=0, loopend=0, mode=0x00000000, channelmask=0x00000000, channelorder=0, peakvolume=0.620941.
[LOG] SystemI::createSoundInternal             : Create name='', mode=0x02000202
[LOG] SystemI::createSoundInternal             : exinfo->cbsize             = 232
[LOG] SystemI::createSoundInternal             : exinfo->length             = 7775104
[LOG] SystemI::createSoundInternal             : exinfo->fileoffset         = 119488
[LOG] SystemI::createSoundInternal             : exinfo->numsubsounds       = 1
[LOG] SystemI::createSoundInternal             : exinfo->inclusionlist      = 000000003D1BF5FC
[LOG] SystemI::createSoundInternal             : exinfo->inclusionlistnum   = 1
[LOG] SystemI::createSoundInternal             : exinfo->suggestedsoundtype = 5
[LOG] SystemI::createSoundInternal             : exinfo->useropen           = 000007FEE74FE4B0
[LOG] SystemI::createSoundInternal             : exinfo->userclose          = 000007FEE74FE480
[LOG] SystemI::createSoundInternal             : exinfo->userread           = 000007FEE74FE580
[LOG] SystemI::createSoundInternal             : exinfo->userseek           = 000007FEE74FE640
[LOG] SystemI::createSoundInternal             : exinfo->fileuserdata       = 000000005C617DC8
[LOG] SystemI::createSoundInternal             : exinfo->initialseekpostype = 1
[LOG] SystemI::DSPCodecPoolRegister            : register codec pool for pool type 5
[LOG] SystemI::createSoundInternal             : Sample 0/1: name='madeira-06', format=2, channels=1, frequency=48000, lengthbytes=1472, lengthpcm=7362, pcmblocksize=0, loopstart=0, loopend=0, mode=0x00000000, channelmask=0x00000000, channelorder=0, peakvolume=0.397430.
[LOG] SystemI::createSoundInternal             : Create name='', mode=0x02000202
[LOG] SystemI::createSoundInternal             : exinfo->cbsize             = 232
[LOG] SystemI::createSoundInternal             : exinfo->length             = 7775104
[LOG] SystemI::createSoundInternal             : exinfo->fileoffset         = 119488
[LOG] SystemI::createSoundInternal             : exinfo->numsubsounds       = 1
[LOG] SystemI::createSoundInternal             : exinfo->inclusionlist      = 000000003D1BF5FC
[LOG] SystemI::createSoundInternal             : exinfo->inclusionlistnum   = 1
[LOG] SystemI::createSoundInternal             : exinfo->suggestedsoundtype = 5
[LOG] SystemI::createSoundInternal             : exinfo->useropen           = 000007FEE74FE4B0
[LOG] SystemI::createSoundInternal             : exinfo->userclose          = 000007FEE74FE480
[LOG] SystemI::createSoundInternal             : exinfo->userread           = 000007FEE74FE580
[LOG] SystemI::createSoundInternal             : exinfo->userseek           = 000007FEE74FE640
[LOG] SystemI::createSoundInternal             : exinfo->fileuserdata       = 000000005C617DC8
[LOG] SystemI::createSoundInternal             : exinfo->initialseekpostype = 1
[LOG] SystemI::DSPCodecPoolRegister            : register codec pool for pool type 5
[LOG] SystemI::createSoundInternal             : Sample 0/1: name='madeira-02', format=2, channels=1, frequency=48000, lengthbytes=1408, lengthpcm=7362, pcmblocksize=0, loopstart=0, loopend=0, mode=0x00000000, channelmask=0x00000000, channelorder=0, peakvolume=0.460541.
[LOG] SystemI::createSoundInternal             : Create name='', mode=0x02000202
[LOG] SystemI::createSoundInternal             : exinfo->cbsize             = 232
[LOG] SystemI::createSoundInternal             : exinfo->length             = 7775104
[LOG] SystemI::createSoundInternal             : exinfo->fileoffset         = 119488
[LOG] SystemI::createSoundInternal             : exinfo->numsubsounds       = 1
[LOG] SystemI::createSoundInternal             : exinfo->inclusionlist      = 000000003D1BF5FC
[LOG] SystemI::createSoundInternal             : exinfo->inclusionlistnum   = 1
[LOG] SystemI::createSoundInternal             : exinfo->suggestedsoundtype = 5
[LOG] SystemI::createSoundInternal             : exinfo->useropen           = 000007FEE74FE4B0
[LOG] SystemI::createSoundInternal             : exinfo->userclose          = 000007FEE74FE480
[LOG] SystemI::createSoundInternal             : exinfo->userread           = 000007FEE74FE580
[LOG] SystemI::createSoundInternal             : exinfo->userseek           = 000007FEE74FE640
[LOG] SystemI::createSoundInternal             : exinfo->fileuserdata       = 000000005C617DC8
[LOG] SystemI::createSoundInternal             : exinfo->initialseekpostype = 1
[LOG] SystemI::DSPCodecPoolRegister            : register codec pool for pool type 5
[LOG] SystemI::createSoundInternal             : Sample 0/1: name='stone1', format=2, channels=1, frequency=48000, lengthbytes=3456, lengthpcm=21760, pcmblocksize=0, loopstart=0, loopend=0, mode=0x00000000, channelmask=0x00000000, channelorder=0, peakvolume=0.143158.
[LOG] SystemI::createSoundInternal             : Create name='', mode=0x02000202
[LOG] SystemI::createSoundInternal             : exinfo->cbsize             = 232
[LOG] SystemI::createSoundInternal             : exinfo->length             = 7775104
[LOG] SystemI::createSoundInternal             : exinfo->fileoffset         = 119488
[LOG] SystemI::createSoundInternal             : exinfo->numsubsounds       = 1
[LOG] SystemI::createSoundInternal             : exinfo->inclusionlist      = 000000003D1BF5FC
[LOG] SystemI::createSoundInternal             : exinfo->inclusionlistnum   = 1
[LOG] SystemI::createSoundInternal             : exinfo->suggestedsoundtype = 5
[LOG] SystemI::createSoundInternal             : exinfo->useropen           = 000007FEE74FE4B0
[LOG] SystemI::createSoundInternal             : exinfo->userclose          = 000007FEE74FE480
[LOG] SystemI::createSoundInternal             : exinfo->userread           = 000007FEE74FE580
[LOG] SystemI::createSoundInternal             : exinfo->userseek           = 000007FEE74FE640
[LOG] SystemI::createSoundInternal             : exinfo->fileuserdata       = 000000005C617DC8
[LOG] SystemI::createSoundInternal             : exinfo->initialseekpostype = 1
[LOG] SystemI::DSPCodecPoolRegister            : register codec pool for pool type 5
[LOG] SystemI::createSoundInternal             : Sample 0/1: name='stone2', format=2, channels=1, frequency=48000, lengthbytes=2784, lengthpcm=16132, pcmblocksize=0, loopstart=0, loopend=0, mode=0x00000000, channelmask=0x00000000, channelorder=0, peakvolume=0.142975.
[LOG] SystemI::createSoundInternal             : Create name='', mode=0x02000202
[LOG] SystemI::createSoundInternal             : exinfo->cbsize             = 232
[LOG] SystemI::createSoundInternal             : exinfo->length             = 7775104
[LOG] SystemI::createSoundInternal             : exinfo->fileoffset         = 119488
[LOG] SystemI::createSoundInternal             : exinfo->numsubsounds       = 1
[LOG] SystemI::createSoundInternal             : exinfo->inclusionlist      = 000000003D1BF5FC
[LOG] SystemI::createSoundInternal             : exinfo->inclusionlistnum   = 1
[LOG] SystemI::createSoundInternal             : exinfo->suggestedsoundtype = 5
[LOG] SystemI::createSoundInternal             : exinfo->useropen           = 000007FEE74FE4B0
[LOG] SystemI::createSoundInternal             : exinfo->userclose          = 000007FEE74FE480
[LOG] SystemI::createSoundInternal             : exinfo->userread           = 000007FEE74FE580
[LOG] SystemI::createSoundInternal             : exinfo->userseek           = 000007FEE74FE640
[LOG] SystemI::createSoundInternal             : exinfo->fileuserdata       = 000000005C617DC8
[LOG] SystemI::createSoundInternal             : exinfo->initialseekpostype = 1
[LOG] SystemI::DSPCodecPoolRegister            : register codec pool for pool type 5
[LOG] SystemI::createSoundInternal             : Sample 0/1: name='metal1', format=2, channels=1, frequency=48000, lengthbytes=3136, lengthpcm=20170, pcmblocksize=0, loopstart=0, loopend=0, mode=0x00000000, channelmask=0x00000000, channelorder=0, peakvolume=0.089815.
[LOG] SystemI::createSoundInternal             : Create name='', mode=0x02000202
[LOG] SystemI::createSoundInternal             : exinfo->cbsize             = 232
[LOG] SystemI::createSoundInternal             : exinfo->length             = 7775104
[LOG] SystemI::createSoundInternal             : exinfo->fileoffset         = 119488
[LOG] SystemI::createSoundInternal             : exinfo->numsubsounds       = 1
[LOG] SystemI::createSoundInternal             : exinfo->inclusionlist      = 000000003D1BF5FC
[LOG] SystemI::createSoundInternal             : exinfo->inclusionlistnum   = 1
[LOG] SystemI::createSoundInternal             : exinfo->suggestedsoundtype = 5
[LOG] SystemI::createSoundInternal             : exinfo->useropen           = 000007FEE74FE4B0
[LOG] SystemI::createSoundInternal             : exinfo->userclose          = 000007FEE74FE480
[LOG] SystemI::createSoundInternal             : exinfo->userread           = 000007FEE74FE580
[LOG] SystemI::createSoundInternal             : exinfo->userseek           = 000007FEE74FE640
[LOG] SystemI::createSoundInternal             : exinfo->fileuserdata       = 000000005C617DC8
[LOG] SystemI::createSoundInternal             : exinfo->initialseekpostype = 1
[LOG] SystemI::DSPCodecPoolRegister            : register codec pool for pool type 5
[LOG] SystemI::createSoundInternal             : Sample 0/1: name='stone3', format=2, channels=1, frequency=48000, lengthbytes=3072, lengthpcm=17201, pcmblocksize=0, loopstart=0, loopend=0, mode=0x00000000, channelmask=0x00000000, channelorder=0, peakvolume=0.236816.
[LOG] SystemI::createSoundInternal             : Create name='', mode=0x02000202
[LOG] SystemI::createSoundInternal             : exinfo->cbsize             = 232
[LOG] SystemI::createSoundInternal             : exinfo->length             = 7775104
[LOG] SystemI::createSoundInternal             : exinfo->fileoffset         = 119488
[LOG] SystemI::createSoundInternal             : exinfo->numsubsounds       = 1
[LOG] SystemI::createSoundInternal             : exinfo->inclusionlist      = 000000003D1BF5FC
[LOG] SystemI::createSoundInternal             : exinfo->inclusionlistnum   = 1
[LOG] SystemI::createSoundInternal             : exinfo->suggestedsoundtype = 5
[LOG] SystemI::createSoundInternal             : exinfo->useropen           = 000007FEE74FE4B0
[LOG] SystemI::createSoundInternal             : exinfo->userclose          = 000007FEE74FE480
[LOG] SystemI::createSoundInternal             : exinfo->userread           = 000007FEE74FE580
[LOG] SystemI::createSoundInternal             : exinfo->userseek           = 000007FEE74FE640
[LOG] SystemI::createSoundInternal             : exinfo->fileuserdata       = 000000005C617DC8
[LOG] SystemI::createSoundInternal             : exinfo->initialseekpostype = 1
[LOG] SystemI::DSPCodecPoolRegister            : register codec pool for pool type 5
[LOG] SystemI::createSoundInternal             : Sample 0/1: name='metal3', format=2, channels=1, frequency=48000, lengthbytes=2496, lengthpcm=14976, pcmblocksize=0, loopstart=0, loopend=0, mode=0x00000000, channelmask=0x00000000, channelorder=0, peakvolume=0.089700.
[LOG] SystemI::createSoundInternal             : Create name='', mode=0x02000202
[LOG] SystemI::createSoundInternal             : exinfo->cbsize             = 232
[LOG] SystemI::createSoundInternal             : exinfo->length             = 7775104
[LOG] SystemI::createSoundInternal             : exinfo->fileoffset         = 119488
[LOG] SystemI::createSoundInternal             : exinfo->numsubsounds       = 1
[LOG] SystemI::createSoundInternal             : exinfo->inclusionlist      = 000000003D1BF5FC
[LOG] SystemI::createSoundInternal             : exinfo->inclusionlistnum   = 1
[LOG] SystemI::createSoundInternal             : exinfo->suggestedsoundtype = 5
[LOG] SystemI::createSoundInternal             : exinfo->useropen           = 000007FEE74FE4B0
[LOG] SystemI::createSoundInternal             : exinfo->userclose          = 000007FEE74FE480
[LOG] SystemI::createSoundInternal             : exinfo->userread           = 000007FEE74FE580
[LOG] SystemI::createSoundInternal             : exinfo->userseek           = 000007FEE74FE640
[LOG] SystemI::createSoundInternal             : exinfo->fileuserdata       = 000000005C617DC8
[LOG] SystemI::createSoundInternal             : exinfo->initialseekpostype = 1
[LOG] SystemI::DSPCodecPoolRegister            : register codec pool for pool type 5
[LOG] SystemI::createSoundInternal             : Sample 0/1: name='metal4', format=2, channels=1, frequency=48000, lengthbytes=3072, lengthpcm=22106, pcmblocksize=0, loopstart=0, loopend=0, mode=0x00000000, channelmask=0x00000000, channelorder=0, peakvolume=0.089780.
[LOG] SystemI::createSoundInternal             : Create name='', mode=0x02000202
[LOG] SystemI::createSoundInternal             : exinfo->cbsize             = 232
[LOG] SystemI::createSoundInternal             : exinfo->length             = 7775104
[LOG] SystemI::createSoundInternal             : exinfo->fileoffset         = 119488
[LOG] SystemI::createSoundInternal             : exinfo->numsubsounds       = 1
[LOG] SystemI::createSoundInternal             : exinfo->inclusionlist      = 000000003D1BF5FC
[LOG] SystemI::createSoundInternal             : exinfo->inclusionlistnum   = 1
[LOG] SystemI::createSoundInternal             : exinfo->suggestedsoundtype = 5
[LOG] SystemI::createSoundInternal             : exinfo->useropen           = 000007FEE74FE4B0
[LOG] SystemI::createSoundInternal             : exinfo->userclose          = 000007FEE74FE480
[LOG] SystemI::createSoundInternal             : exinfo->userread           = 000007FEE74FE580
[LOG] SystemI::createSoundInternal             : exinfo->userseek           = 000007FEE74FE640
[LOG] SystemI::createSoundInternal             : exinfo->fileuserdata       = 000000005C617DC8
[LOG] SystemI::createSoundInternal             : exinfo->initialseekpostype = 1
[LOG] SystemI::DSPCodecPoolRegister            : register codec pool for pool type 5
[LOG] SystemI::createSoundInternal             : Sample 0/1: name='grama3', format=2, channels=1, frequency=48000, lengthbytes=4000, lengthpcm=21311, pcmblocksize=0, loopstart=0, loopend=0, mode=0x00000000, channelmask=0x00000000, channelorder=0, peakvolume=0.350997.
[LOG] SystemI::createSoundInternal             : Create name='', mode=0x02000202
[LOG] SystemI::createSoundInternal             : exinfo->cbsize             = 232
[LOG] SystemI::createSoundInternal             : exinfo->length             = 7775104
[LOG] SystemI::createSoundInternal             : exinfo->fileoffset         = 119488
[LOG] SystemI::createSoundInternal             : exinfo->numsubsounds       = 1
[LOG] SystemI::createSoundInternal             : exinfo->inclusionlist      = 000000003D1BF5FC
[LOG] SystemI::createSoundInternal             : exinfo->inclusionlistnum   = 1
[LOG] SystemI::createSoundInternal             : exinfo->suggestedsoundtype = 5
[LOG] SystemI::createSoundInternal             : exinfo->useropen           = 000007FEE74FE4B0
[LOG] SystemI::createSoundInternal             : exinfo->userclose          = 000007FEE74FE480
[LOG] SystemI::createSoundInternal             : exinfo->userread           = 000007FEE74FE580
[LOG] SystemI::createSoundInternal             : exinfo->userseek           = 000007FEE74FE640
[LOG] SystemI::createSoundInternal             : exinfo->fileuserdata       = 000000005C617DC8
[LOG] SystemI::createSoundInternal             : exinfo->initialseekpostype = 1
[LOG] SystemI::DSPCodecPoolRegister            : register codec pool for pool type 5
[LOG] SystemI::createSoundInternal             : Sample 0/1: name='grama4', format=2, channels=1, frequency=48000, lengthbytes=4064, lengthpcm=21498, pcmblocksize=0, loopstart=0, loopend=0, mode=0x00000000, channelmask=0x00000000, channelorder=0, peakvolume=0.431920.
[LOG] SystemI::createSoundInternal             : Create name='', mode=0x02000202
[LOG] SystemI::createSoundInternal             : exinfo->cbsize             = 232
[LOG] SystemI::createSoundInternal             : exinfo->length             = 7775104
[LOG] SystemI::createSoundInternal             : exinfo->fileoffset         = 119488
[LOG] SystemI::createSoundInternal             : exinfo->numsubsounds       = 1
[LOG] SystemI::createSoundInternal             : exinfo->inclusionlist      = 000000003D1BF5FC
[LOG] SystemI::createSoundInternal             : exinfo->inclusionlistnum   = 1
[LOG] SystemI::createSoundInternal             : exinfo->suggestedsoundtype = 5
[LOG] SystemI::createSoundInternal             : exinfo->useropen           = 000007FEE74FE4B0
[LOG] SystemI::createSoundInternal             : exinfo->userclose          = 000007FEE74FE480
[LOG] SystemI::createSoundInternal             : exinfo->userread           = 000007FEE74FE580
[LOG] SystemI::createSoundInternal             : exinfo->userseek           = 000007FEE74FE640
[LOG] SystemI::createSoundInternal             : exinfo->fileuserdata       = 000000005C617DC8
[LOG] SystemI::createSoundInternal             : exinfo->initialseekpostype = 1
[LOG] SystemI::DSPCodecPoolRegister            : register codec pool for pool type 5
[LOG] SystemI::createSoundInternal             : Sample 0/1: name='madeira-01', format=2, channels=1, frequency=48000, lengthbytes=1408, lengthpcm=7362, pcmblocksize=0, loopstart=0, loopend=0, mode=0x00000000, channelmask=0x00000000, channelorder=0, peakvolume=0.460358.
[LOG] SystemI::createSoundInternal             : Create name='', mode=0x02000202
[LOG] SystemI::createSoundInternal             : exinfo->cbsize             = 232
[LOG] SystemI::createSoundInternal             : exinfo->length             = 7775104
[LOG] SystemI::createSoundInternal             : exinfo->fileoffset         = 119488
[LOG] SystemI::createSoundInternal             : exinfo->numsubsounds       = 1
[LOG] SystemI::createSoundInternal             : exinfo->inclusionlist      = 000000003D1BF5FC
[LOG] SystemI::createSoundInternal             : exinfo->inclusionlistnum   = 1
[LOG] SystemI::createSoundInternal             : exinfo->suggestedsoundtype = 5
[LOG] SystemI::createSoundInternal             : exinfo->useropen           = 000007FEE74FE4B0
[LOG] SystemI::createSoundInternal             : exinfo->userclose          = 000007FEE74FE480
[LOG] SystemI::createSoundInternal             : exinfo->userread           = 000007FEE74FE580
[LOG] SystemI::createSoundInternal             : exinfo->userseek           = 000007FEE74FE640
[LOG] SystemI::createSoundInternal             : exinfo->fileuserdata       = 000000005C617DC8
[LOG] SystemI::createSoundInternal             : exinfo->initialseekpostype = 1
[LOG] SystemI::DSPCodecPoolRegister            : register codec pool for pool type 5
[LOG] SystemI::createSoundInternal             : Sample 0/1: name='madeira-05', format=2, channels=1, frequency=48000, lengthbytes=1568, lengthpcm=7362, pcmblocksize=0, loopstart=0, loopend=0, mode=0x00000000, channelmask=0x00000000, channelorder=0, peakvolume=0.400665.
[LOG] SystemI::createSoundInternal             : Create name='', mode=0x02000202
[LOG] SystemI::createSoundInternal             : exinfo->cbsize             = 232
[LOG] SystemI::createSoundInternal             : exinfo->length             = 7775104
[LOG] SystemI::createSoundInternal             : exinfo->fileoffset         = 119488
[LOG] SystemI::createSoundInternal             : exinfo->numsubsounds       = 1
[LOG] SystemI::createSoundInternal             : exinfo->inclusionlist      = 000000003D1BF5FC
[LOG] SystemI::createSoundInternal             : exinfo->inclusionlistnum   = 1
[LOG] SystemI::createSoundInternal             : exinfo->suggestedsoundtype = 5
[LOG] SystemI::createSoundInternal             : exinfo->useropen           = 000007FEE74FE4B0
[LOG] SystemI::createSoundInternal             : exinfo->userclose          = 000007FEE74FE480
[LOG] SystemI::createSoundInternal             : exinfo->userread           = 000007FEE74FE580
[LOG] SystemI::createSoundInternal             : exinfo->userseek           = 000007FEE74FE640
[LOG] SystemI::createSoundInternal             : exinfo->fileuserdata       = 000000005C617DC8
[LOG] SystemI::createSoundInternal             : exinfo->initialseekpostype = 1
[LOG] SystemI::DSPCodecPoolRegister            : register codec pool for pool type 5
[LOG] SystemI::createSoundInternal             : Sample 0/1: name='grama2', format=2, channels=1, frequency=48000, lengthbytes=4096, lengthpcm=21522, pcmblocksize=0, loopstart=0, loopend=0, mode=0x00000000, channelmask=0x00000000, channelorder=0, peakvolume=0.389053.
[LOG] SystemI::createSoundInternal             : Create name='', mode=0x02000202
[LOG] SystemI::createSoundInternal             : exinfo->cbsize             = 232
[LOG] SystemI::createSoundInternal             : exinfo->length             = 7775104
[LOG] SystemI::createSoundInternal             : exinfo->fileoffset         = 119488
[LOG] SystemI::createSoundInternal             : exinfo->numsubsounds       = 1
[LOG] SystemI::createSoundInternal             : exinfo->inclusionlist      = 000000003D1BF5FC
[LOG] SystemI::createSoundInternal             : exinfo->inclusionlistnum   = 1
[LOG] SystemI::createSoundInternal             : exinfo->suggestedsoundtype = 5
[LOG] SystemI::createSoundInternal             : exinfo->useropen           = 000007FEE74FE4B0
[LOG] SystemI::createSoundInternal             : exinfo->userclose          = 000007FEE74FE480
[LOG] SystemI::createSoundInternal             : exinfo->userread           = 000007FEE74FE580
[LOG] SystemI::createSoundInternal             : exinfo->userseek           = 000007FEE74FE640
[LOG] SystemI::createSoundInternal             : exinfo->fileuserdata       = 000000005C893CE8
[LOG] SystemI::createSoundInternal             : exinfo->initialseekpostype = 1
[LOG] SystemI::DSPCodecPoolRegister            : register codec pool for pool type 5
[LOG] SystemI::createSoundInternal             : Sample 0/1: name='prensaVolta', format=2, channels=2, frequency=48000, lengthbytes=20224, lengthpcm=91465, pcmblocksize=0, loopstart=0, loopend=0, mode=0x00000000, channelmask=0x00000000, channelorder=0, peakvolume=0.258423.
[LOG] SystemI::createSoundInternal             : Create name='', mode=0x02000202
[LOG] SystemI::createSoundInternal             : exinfo->cbsize             = 232
[LOG] SystemI::createSoundInternal             : exinfo->length             = 7775104
[LOG] SystemI::createSoundInternal             : exinfo->fileoffset         = 119488
[LOG] SystemI::createSoundInternal             : exinfo->numsubsounds       = 1
[LOG] SystemI::createSoundInternal             : exinfo->inclusionlist      = 000000003D1BF5FC
[LOG] SystemI::createSoundInternal             : exinfo->inclusionlistnum   = 1
[LOG] SystemI::createSoundInternal             : exinfo->suggestedsoundtype = 5
[LOG] SystemI::createSoundInternal             : exinfo->useropen           = 000007FEE74FE4B0
[LOG] SystemI::createSoundInternal             : exinfo->userclose          = 000007FEE74FE480
[LOG] SystemI::createSoundInternal             : exinfo->userread           = 000007FEE74FE580
[LOG] SystemI::createSoundInternal             : exinfo->userseek           = 000007FEE74FE640
[LOG] SystemI::createSoundInternal             : exinfo->fileuserdata       = 000000005C893CE8
[LOG] SystemI::createSoundInternal             : exinfo->initialseekpostype = 1
[LOG] SystemI::DSPCodecPoolRegister            : register codec pool for pool type 5
[LOG] SystemI::createSoundInternal             : Sample 0/1: name='prensaImpacto', format=2, channels=2, frequency=48000, lengthbytes=15008, lengthpcm=56891, pcmblocksize=0, loopstart=0, loopend=0, mode=0x00000000, channelmask=0x00000000, channelorder=0, peakvolume=0.089478.
[LOG] SystemI::createSoundInternal             : Create name='', mode=0x02000202
[LOG] SystemI::createSoundInternal             : exinfo->cbsize             = 232
[LOG] SystemI::createSoundInternal             : exinfo->length             = 7775104
[LOG] SystemI::createSoundInternal             : exinfo->fileoffset         = 119488
[LOG] SystemI::createSoundInternal             : exinfo->numsubsounds       = 1
[LOG] SystemI::createSoundInternal             : exinfo->inclusionlist      = 000000003D1BF5FC
[LOG] SystemI::createSoundInternal             : exinfo->inclusionlistnum   = 1
[LOG] SystemI::createSoundInternal             : exinfo->suggestedsoundtype = 5
[LOG] SystemI::createSoundInternal             : exinfo->useropen           = 000007FEE74FE4B0
[LOG] SystemI::createSoundInternal             : exinfo->userclose          = 000007FEE74FE480
[LOG] SystemI::createSoundInternal             : exinfo->userread           = 000007FEE74FE580
[LOG] SystemI::createSoundInternal             : exinfo->userseek           = 000007FEE74FE640
[LOG] SystemI::createSoundInternal             : exinfo->fileuserdata       = 000000005C893CE8
[LOG] SystemI::createSoundInternal             : exinfo->initialseekpostype = 1
[LOG] SystemI::DSPCodecPoolRegister            : register codec pool for pool type 5
[LOG] SystemI::createSoundInternal             : Sample 0/1: name='idle3', format=2, channels=2, frequency=48000, lengthbytes=16128, lengthpcm=73744, pcmblocksize=0, loopstart=0, loopend=0, mode=0x00000000, channelmask=0x00000000, channelorder=0, peakvolume=0.412659.
[LOG] SystemI::createSoundInternal             : Create name='', mode=0x02000202
[LOG] SystemI::createSoundInternal             : exinfo->cbsize             = 232
[LOG] SystemI::createSoundInternal             : exinfo->length             = 7775104
[LOG] SystemI::createSoundInternal             : exinfo->fileoffset         = 119488
[LOG] SystemI::createSoundInternal             : exinfo->numsubsounds       = 1
[LOG] SystemI::createSoundInternal             : exinfo->inclusionlist      = 000000003D1BF5FC
[LOG] SystemI::createSoundInternal             : exinfo->inclusionlistnum   = 1
[LOG] SystemI::createSoundInternal             : exinfo->suggestedsoundtype = 5
[LOG] SystemI::createSoundInternal             : exinfo->useropen           = 000007FEE74FE4B0
[LOG] SystemI::createSoundInternal             : exinfo->userclose          = 000007FEE74FE480
[LOG] SystemI::createSoundInternal             : exinfo->userread           = 000007FEE74FE580
[LOG] SystemI::createSoundInternal             : exinfo->userseek           = 000007FEE74FE640
[LOG] SystemI::createSoundInternal             : exinfo->fileuserdata       = 000000005C893CE8
[LOG] SystemI::createSoundInternal             : exinfo->initialseekpostype = 1
[LOG] SystemI::DSPCodecPoolRegister            : register codec pool for pool type 5
[LOG] SystemI::createSoundInternal             : Sample 0/1: name='puloNiara', format=2, channels=2, frequency=48000, lengthbytes=15680, lengthpcm=71221, pcmblocksize=0, loopstart=0, loopend=0, mode=0x00000000, channelmask=0x00000000, channelorder=0, peakvolume=0.262878.
[LOG] SystemI::createSoundInternal             : Create name='', mode=0x02000202
[LOG] SystemI::createSoundInternal             : exinfo->cbsize             = 232
[LOG] SystemI::createSoundInternal             : exinfo->length             = 7775104
[LOG] SystemI::createSoundInternal             : exinfo->fileoffset         = 119488
[LOG] SystemI::createSoundInternal             : exinfo->numsubsounds       = 1
[LOG] SystemI::createSoundInternal             : exinfo->inclusionlist      = 000000003D1BF5FC
[LOG] SystemI::createSoundInternal             : exinfo->inclusionlistnum   = 1
[LOG] SystemI::createSoundInternal             : exinfo->suggestedsoundtype = 5
[LOG] SystemI::createSoundInternal             : exinfo->useropen           = 000007FEE74FE4B0
[LOG] SystemI::createSoundInternal             : exinfo->userclose          = 000007FEE74FE480
[LOG] SystemI::createSoundInternal             : exinfo->userread           = 000007FEE74FE580
[LOG] SystemI::createSoundInternal             : exinfo->userseek           = 000007FEE74FE640
[LOG] SystemI::createSoundInternal             : exinfo->fileuserdata       = 000000005C893CE8
[LOG] SystemI::createSoundInternal             : exinfo->initialseekpostype = 1
[LOG] SystemI::DSPCodecPoolRegister            : register codec pool for pool type 5
[LOG] SystemI::createSoundInternal             : Sample 0/1: name='doubleJump1', format=2, channels=2, frequency=48000, lengthbytes=30144, lengthpcm=138158, pcmblocksize=0, loopstart=0, loopend=0, mode=0x00000000, channelmask=0x00000000, channelorder=0, peakvolume=0.433807.
[LOG] SystemI::createSoundInternal             : Create name='', mode=0x02000202
[LOG] SystemI::createSoundInternal             : exinfo->cbsize             = 232
[LOG] SystemI::createSoundInternal             : exinfo->length             = 7775104
[LOG] SystemI::createSoundInternal             : exinfo->fileoffset         = 119488
[LOG] SystemI::createSoundInternal             : exinfo->numsubsounds       = 1
[LOG] SystemI::createSoundInternal             : exinfo->inclusionlist      = 000000003D1BF5FC
[LOG] SystemI::createSoundInternal             : exinfo->inclusionlistnum   = 1
[LOG] SystemI::createSoundInternal             : exinfo->suggestedsoundtype = 5
[LOG] SystemI::createSoundInternal             : exinfo->useropen           = 000007FEE74FE4B0
[LOG] SystemI::createSoundInternal             : exinfo->userclose          = 000007FEE74FE480
[LOG] SystemI::createSoundInternal             : exinfo->userread           = 000007FEE74FE580
[LOG] SystemI::createSoundInternal             : exinfo->userseek           = 000007FEE74FE640
[LOG] SystemI::createSoundInternal             : exinfo->fileuserdata       = 000000005C893CE8
[LOG] SystemI::createSoundInternal             : exinfo->initialseekpostype = 1
[LOG] SystemI::DSPCodecPoolRegister            : register codec pool for pool type 5
[LOG] SystemI::createSoundInternal             : Sample 0/1: name='ataqueOnca1', format=2, channels=2, frequency=48000, lengthbytes=35392, lengthpcm=166352, pcmblocksize=0, loopstart=0, loopend=0, mode=0x00000000, channelmask=0x00000000, channelorder=0, peakvolume=0.999969.
[LOG] SystemI::createSoundInternal             : Create name='', mode=0x02000202
[LOG] SystemI::createSoundInternal             : exinfo->cbsize             = 232
[LOG] SystemI::createSoundInternal             : exinfo->length             = 7775104
[LOG] SystemI::createSoundInternal             : exinfo->fileoffset         = 119488
[LOG] SystemI::createSoundInternal             : exinfo->numsubsounds       = 1
[LOG] SystemI::createSoundInternal             : exinfo->inclusionlist      = 000000003D1BF5FC
[LOG] SystemI::createSoundInternal             : exinfo->inclusionlistnum   = 1
[LOG] SystemI::createSoundInternal             : exinfo->suggestedsoundtype = 5
[LOG] SystemI::createSoundInternal             : exinfo->useropen           = 000007FEE74FE4B0
[LOG] SystemI::createSoundInternal             : exinfo->userclose          = 000007FEE74FE480
[LOG] SystemI::createSoundInternal             : exinfo->userread           = 000007FEE74FE580
[LOG] SystemI::createSoundInternal             : exinfo->userseek           = 000007FEE74FE640
[LOG] SystemI::createSoundInternal             : exinfo->fileuserdata       = 000000005C893CE8
[LOG] SystemI::createSoundInternal             : exinfo->initialseekpostype = 1
[LOG] SystemI::DSPCodecPoolRegister            : register codec pool for pool type 5
[LOG] SystemI::createSoundInternal             : Sample 0/1: name='impacto3', format=2, channels=2, frequency=48000, lengthbytes=16352, lengthpcm=71918, pcmblocksize=0, loopstart=0, loopend=0, mode=0x00000000, channelmask=0x00000000, channelorder=0, peakvolume=1.131514.
[LOG] SystemI::createSoundInternal             : Create name='', mode=0x02000202
[LOG] SystemI::createSoundInternal             : exinfo->cbsize             = 232
[LOG] SystemI::createSoundInternal             : exinfo->length             = 7775104
[LOG] SystemI::createSoundInternal             : exinfo->fileoffset         = 119488
[LOG] SystemI::createSoundInternal             : exinfo->numsubsounds       = 1
[LOG] SystemI::createSoundInternal             : exinfo->inclusionlist      = 000000003D1BF5FC
[LOG] SystemI::createSoundInternal             : exinfo->inclusionlistnum   = 1
[LOG] SystemI::createSoundInternal             : exinfo->suggestedsoundtype = 5
[LOG] SystemI::createSoundInternal             : exinfo->useropen           = 000007FEE74FE4B0
[LOG] SystemI::createSoundInternal             : exinfo->userclose          = 000007FEE74FE480
[LOG] SystemI::createSoundInternal             : exinfo->userread           = 000007FEE74FE580
[LOG] SystemI::createSoundInternal             : exinfo->userseek           = 000007FEE74FE640
[LOG] SystemI::createSoundInternal             : exinfo->fileuserdata       = 000000005C893CE8
[LOG] SystemI::createSoundInternal             : exinfo->initialseekpostype = 1
[LOG] SystemI::DSPCodecPoolRegister            : register codec pool for pool type 5
[LOG] SystemI::createSoundInternal             : Sample 0/1: name='impacto5', format=2, channels=2, frequency=48000, lengthbytes=23328, lengthpcm=109440, pcmblocksize=0, loopstart=0, loopend=0, mode=0x00000000, channelmask=0x00000000, channelorder=0, peakvolume=0.310516.
[LOG] SystemI::createSoundInternal             : Create name='', mode=0x02000202
[LOG] SystemI::createSoundInternal             : exinfo->cbsize             = 232
[LOG] SystemI::createSoundInternal             : exinfo->length             = 7775104
[LOG] SystemI::createSoundInternal             : exinfo->fileoffset         = 119488
[LOG] SystemI::createSoundInternal             : exinfo->numsubsounds       = 1
[LOG] SystemI::createSoundInternal             : exinfo->inclusionlist      = 000000003D1BF5FC
[LOG] SystemI::createSoundInternal             : exinfo->inclusionlistnum   = 1
[LOG] SystemI::createSoundInternal             : exinfo->suggestedsoundtype = 5
[LOG] SystemI::createSoundInternal             : exinfo->useropen           = 000007FEE74FE4B0
[LOG] SystemI::createSoundInternal             : exinfo->userclose          = 000007FEE74FE480
[LOG] SystemI::createSoundInternal             : exinfo->userread           = 000007FEE74FE580
[LOG] SystemI::createSoundInternal             : exinfo->userseek           = 000007FEE74FE640
[LOG] SystemI::createSoundInternal             : exinfo->fileuserdata       = 000000005C893CE8
[LOG] SystemI::createSoundInternal             : exinfo->initialseekpostype = 1
[LOG] SystemI::DSPCodecPoolRegister            : register codec pool for pool type 5
[LOG] SystemI::createSoundInternal             : Sample 0/1: name='impacto4', format=2, channels=2, frequency=48000, lengthbytes=22848, lengthpcm=109824, pcmblocksize=0, loopstart=0, loopend=0, mode=0x00000000, channelmask=0x00000000, channelorder=0, peakvolume=0.310425.
[LOG] SystemI::createSoundInternal             : Create name='', mode=0x02000202
[LOG] SystemI::createSoundInternal             : exinfo->cbsize             = 232
[LOG] SystemI::createSoundInternal             : exinfo->length             = 7775104
[LOG] SystemI::createSoundInternal             : exinfo->fileoffset         = 119488
[LOG] SystemI::createSoundInternal             : exinfo->numsubsounds       = 1
[LOG] SystemI::createSoundInternal             : exinfo->inclusionlist      = 000000003D1BF5FC
[LOG] SystemI::createSoundInternal             : exinfo->inclusionlistnum   = 1
[LOG] SystemI::createSoundInternal             : exinfo->suggestedsoundtype = 5
[LOG] SystemI::createSoundInternal             : exinfo->useropen           = 000007FEE74FE4B0
[LOG] SystemI::createSoundInternal             : exinfo->userclose          = 000007FEE74FE480
[LOG] SystemI::createSoundInternal             : exinfo->userread           = 000007FEE74FE580
[LOG] SystemI::createSoundInternal             : exinfo->userseek           = 000007FEE74FE640
[LOG] SystemI::createSoundInternal             : exinfo->fileuserdata       = 000000005C893CE8
[LOG] SystemI::createSoundInternal             : exinfo->initialseekpostype = 1
[LOG] SystemI::DSPCodecPoolRegister            : register codec pool for pool type 5
[LOG] SystemI::createSoundInternal             : Sample 0/1: name='impacto2', format=2, channels=2, frequency=48000, lengthbytes=16192, lengthpcm=68604, pcmblocksize=0, loopstart=0, loopend=0, mode=0x00000000, channelmask=0x00000000, channelorder=0, peakvolume=1.130569.
[LOG] SystemI::createSoundInternal             : Create name='', mode=0x02000202
[LOG] SystemI::createSoundInternal             : exinfo->cbsize             = 232
[LOG] SystemI::createSoundInternal             : exinfo->length             = 7775104
[LOG] SystemI::createSoundInternal             : exinfo->fileoffset         = 119488
[LOG] SystemI::createSoundInternal             : exinfo->numsubsounds       = 1
[LOG] SystemI::createSoundInternal             : exinfo->inclusionlist      = 000000003D1BF5FC
[LOG] SystemI::createSoundInternal             : exinfo->inclusionlistnum   = 1
[LOG] SystemI::createSoundInternal             : exinfo->suggestedsoundtype = 5
[LOG] SystemI::createSoundInternal             : exinfo->useropen           = 000007FEE74FE4B0
[LOG] SystemI::createSoundInternal             : exinfo->userclose          = 000007FEE74FE480
[LOG] SystemI::createSoundInternal             : exinfo->userread           = 000007FEE74FE580
[LOG] SystemI::createSoundInternal             : exinfo->userseek           = 000007FEE74FE640
[LOG] SystemI::createSoundInternal             : exinfo->fileuserdata       = 000000005C893CE8
[LOG] SystemI::createSoundInternal             : exinfo->initialseekpostype = 1
[LOG] SystemI::DSPCodecPoolRegister            : register codec pool for pool type 5
[LOG] SystemI::createSoundInternal             : Sample 0/1: name='impacto7', format=2, channels=2, frequency=48000, lengthbytes=21920, lengthpcm=99085, pcmblocksize=0, loopstart=0, loopend=0, mode=0x00000000, channelmask=0x00000000, channelorder=0, peakvolume=0.556915.
[LOG] SystemI::createSoundInternal             : Create name='', mode=0x02000202
[LOG] SystemI::createSoundInternal             : exinfo->cbsize             = 232
[LOG] SystemI::createSoundInternal             : exinfo->length             = 7775104
[LOG] SystemI::createSoundInternal             : exinfo->fileoffset         = 119488
[LOG] SystemI::createSoundInternal             : exinfo->numsubsounds       = 1
[LOG] SystemI::createSoundInternal             : exinfo->inclusionlist      = 000000003D1BF5FC
[LOG] SystemI::createSoundInternal             : exinfo->inclusionlistnum   = 1
[LOG] SystemI::createSoundInternal             : exinfo->suggestedsoundtype = 5
[LOG] SystemI::createSoundInternal             : exinfo->useropen           = 000007FEE74FE4B0
[LOG] SystemI::createSoundInternal             : exinfo->userclose          = 000007FEE74FE480
[LOG] SystemI::createSoundInternal             : exinfo->userread           = 000007FEE74FE580
[LOG] SystemI::createSoundInternal             : exinfo->userseek           = 000007FEE74FE640
[LOG] SystemI::createSoundInternal             : exinfo->fileuserdata       = 000000005C893CE8
[LOG] SystemI::createSoundInternal             : exinfo->initialseekpostype = 1
[LOG] SystemI::DSPCodecPoolRegister            : register codec pool for pool type 5
[LOG] SystemI::createSoundInternal             : Sample 0/1: name='impacto6', format=2, channels=2, frequency=48000, lengthbytes=21024, lengthpcm=96048, pcmblocksize=0, loopstart=0, loopend=0, mode=0x00000000, channelmask=0x00000000, channelorder=0, peakvolume=0.307007.
[LOG] SystemI::createSoundInternal             : Create name='', mode=0x02000202
[LOG] SystemI::createSoundInternal             : exinfo->cbsize             = 232
[LOG] SystemI::createSoundInternal             : exinfo->length             = 7775104
[LOG] SystemI::createSoundInternal             : exinfo->fileoffset         = 119488
[LOG] SystemI::createSoundInternal             : exinfo->numsubsounds       = 1
[LOG] SystemI::createSoundInternal             : exinfo->inclusionlist      = 000000003D1BF5FC
[LOG] SystemI::createSoundInternal             : exinfo->inclusionlistnum   = 1
[LOG] SystemI::createSoundInternal             : exinfo->suggestedsoundtype = 5
[LOG] SystemI::createSoundInternal             : exinfo->useropen           = 000007FEE74FE4B0
[LOG] SystemI::createSoundInternal             : exinfo->userclose          = 000007FEE74FE480
[LOG] SystemI::createSoundInternal             : exinfo->userread           = 000007FEE74FE580
[LOG] SystemI::createSoundInternal             : exinfo->userseek           = 000007FEE74FE640
[LOG] SystemI::createSoundInternal             : exinfo->fileuserdata       = 000000005C893CE8
[LOG] SystemI::createSoundInternal             : exinfo->initialseekpostype = 1
[LOG] SystemI::DSPCodecPoolRegister            : register codec pool for pool type 5
[LOG] SystemI::createSoundInternal             : Sample 0/1: name='impacto8', format=2, channels=2, frequency=48000, lengthbytes=21472, lengthpcm=93415, pcmblocksize=0, loopstart=0, loopend=0, mode=0x00000000, channelmask=0x00000000, channelorder=0, peakvolume=0.515869.
[LOG] SystemI::createSoundInternal             : Create name='', mode=0x02000202
[LOG] SystemI::createSoundInternal             : exinfo->cbsize             = 232
[LOG] SystemI::createSoundInternal             : exinfo->length             = 7775104
[LOG] SystemI::createSoundInternal             : exinfo->fileoffset         = 119488
[LOG] SystemI::createSoundInternal             : exinfo->numsubsounds       = 1
[LOG] SystemI::createSoundInternal             : exinfo->inclusionlist      = 000000003D1BF5FC
[LOG] SystemI::createSoundInternal             : exinfo->inclusionlistnum   = 1
[LOG] SystemI::createSoundInternal             : exinfo->suggestedsoundtype = 5
[LOG] SystemI::createSoundInternal             : exinfo->useropen           = 000007FEE74FE4B0
[LOG] SystemI::createSoundInternal             : exinfo->userclose          = 000007FEE74FE480
[LOG] SystemI::createSoundInternal             : exinfo->userread           = 000007FEE74FE580
[LOG] SystemI::createSoundInternal             : exinfo->userseek           = 000007FEE74FE640
[LOG] SystemI::createSoundInternal             : exinfo->fileuserdata       = 000000005C893CE8
[LOG] SystemI::createSoundInternal             : exinfo->initialseekpostype = 1
[LOG] SystemI::DSPCodecPoolRegister            : register codec pool for pool type 5
[LOG] SystemI::createSoundInternal             : Sample 0/1: name='impacto1', format=2, channels=2, frequency=48000, lengthbytes=16736, lengthpcm=71175, pcmblocksize=0, loopstart=0, loopend=0, mode=0x00000000, channelmask=0x00000000, channelorder=0, peakvolume=1.132185.
[LOG] SystemI::createSoundInternal             : Create name='', mode=0x02000202
[LOG] SystemI::createSoundInternal             : exinfo->cbsize             = 232
[LOG] SystemI::createSoundInternal             : exinfo->length             = 7775104
[LOG] SystemI::createSoundInternal             : exinfo->fileoffset         = 119488
[LOG] SystemI::createSoundInternal             : exinfo->numsubsounds       = 1
[LOG] SystemI::createSoundInternal             : exinfo->inclusionlist      = 000000003D1BF5FC
[LOG] SystemI::createSoundInternal             : exinfo->inclusionlistnum   = 1
[LOG] SystemI::createSoundInternal             : exinfo->suggestedsoundtype = 5
[LOG] SystemI::createSoundInternal             : exinfo->useropen           = 000007FEE74FE4B0
[LOG] SystemI::createSoundInternal             : exinfo->userclose          = 000007FEE74FE480
[LOG] SystemI::createSoundInternal             : exinfo->userread           = 000007FEE74FE580
[LOG] SystemI::createSoundInternal             : exinfo->userseek           = 000007FEE74FE640
[LOG] SystemI::createSoundInternal             : exinfo->fileuserdata       = 000000005C893CE8
[LOG] SystemI::createSoundInternal             : exinfo->initialseekpostype = 1
[LOG] SystemI::DSPCodecPoolRegister            : register codec pool for pool type 5
[LOG] SystemI::createSoundInternal             : Sample 0/1: name='attack2', format=2, channels=2, frequency=48000, lengthbytes=8896, lengthpcm=40772, pcmblocksize=0, loopstart=0, loopend=0, mode=0x00000000, channelmask=0x00000000, channelorder=0, peakvolume=0.733948.
[LOG] SystemI::createSoundInternal             : Create name='', mode=0x02000202
[LOG] SystemI::createSoundInternal             : exinfo->cbsize             = 232
[LOG] SystemI::createSoundInternal             : exinfo->length             = 7775104
[LOG] SystemI::createSoundInternal             : exinfo->fileoffset         = 119488
[LOG] SystemI::createSoundInternal             : exinfo->numsubsounds       = 1
[LOG] SystemI::createSoundInternal             : exinfo->inclusionlist      = 000000003D1BF5FC
[LOG] SystemI::createSoundInternal             : exinfo->inclusionlistnum   = 1
[LOG] SystemI::createSoundInternal             : exinfo->suggestedsoundtype = 5
[LOG] SystemI::createSoundInternal             : exinfo->useropen           = 000007FEE74FE4B0
[LOG] SystemI::createSoundInternal             : exinfo->userclose          = 000007FEE74FE480
[LOG] SystemI::createSoundInternal             : exinfo->userread           = 000007FEE74FE580
[LOG] SystemI::createSoundInternal             : exinfo->userseek           = 000007FEE74FE640
[LOG] SystemI::createSoundInternal             : exinfo->fileuserdata       = 000000005C893CE8
[LOG] SystemI::createSoundInternal             : exinfo->initialseekpostype = 1
[LOG] SystemI::DSPCodecPoolRegister            : register codec pool for pool type 5
[LOG] SystemI::createSoundInternal             : Sample 0/1: name='almaUp', format=2, channels=1, frequency=48000, lengthbytes=4992, lengthpcm=25714, pcmblocksize=0, loopstart=0, loopend=0, mode=0x00000000, channelmask=0x00000000, channelorder=0, peakvolume=0.330261.
[LOG] SoundI::release                          :  (000000006E1EBA98)
[LOG] SoundI::release                          :     idle3 (000000005CD85B58)
[LOG] SoundI::release                          :  (000000006E504628)
[LOG] SoundI::release                          :     attack2 (000000006E23F788)
[LOG] SystemI::createSoundInternal             : Create name='', mode=0x02000202
[LOG] SystemI::createSoundInternal             : exinfo->cbsize             = 232
[LOG] SystemI::createSoundInternal             : exinfo->length             = 7775104
[LOG] SystemI::createSoundInternal             : exinfo->fileoffset         = 119488
[LOG] SystemI::createSoundInternal             : exinfo->numsubsounds       = 1
[LOG] SystemI::createSoundInternal             : exinfo->inclusionlist      = 000000003D1BF5FC
[LOG] SystemI::createSoundInternal             : exinfo->inclusionlistnum   = 1
[LOG] SystemI::createSoundInternal             : exinfo->suggestedsoundtype = 5
[LOG] SystemI::createSoundInternal             : exinfo->useropen           = 000007FEE74FE4B0
[LOG] SystemI::createSoundInternal             : exinfo->userclose          = 000007FEE74FE480
[LOG] SystemI::createSoundInternal             : exinfo->userread           = 000007FEE74FE580
[LOG] SystemI::createSoundInternal             : exinfo->userseek           = 000007FEE74FE640
[LOG] SystemI::createSoundInternal             : exinfo->fileuserdata       = 000000005CB2C658
[LOG] SystemI::createSoundInternal             : exinfo->initialseekpostype = 1
[LOG] SystemI::DSPCodecPoolRegister            : register codec pool for pool type 5
[LOG] SystemI::createSoundInternal             : Sample 0/1: name='idle3', format=2, channels=2, frequency=48000, lengthbytes=16128, lengthpcm=73744, pcmblocksize=0, loopstart=0, loopend=0, mode=0x00000000, channelmask=0x00000000, channelorder=0, peakvolume=0.412659.
[LOG] SystemI::createSoundInternal             : Create name='', mode=0x02000202
[LOG] SystemI::createSoundInternal             : exinfo->cbsize             = 232
[LOG] SystemI::createSoundInternal             : exinfo->length             = 7775104
[LOG] SystemI::createSoundInternal             : exinfo->fileoffset         = 119488
[LOG] SystemI::createSoundInternal             : exinfo->numsubsounds       = 1
[LOG] SystemI::createSoundInternal             : exinfo->inclusionlist      = 000000003D1BF5FC
[LOG] SystemI::createSoundInternal             : exinfo->inclusionlistnum   = 1
[LOG] SystemI::createSoundInternal             : exinfo->suggestedsoundtype = 5
[LOG] SystemI::createSoundInternal             : exinfo->useropen           = 000007FEE74FE4B0
[LOG] SystemI::createSoundInternal             : exinfo->userclose          = 000007FEE74FE480
[LOG] SystemI::createSoundInternal             : exinfo->userread           = 000007FEE74FE580
[LOG] SystemI::createSoundInternal             : exinfo->userseek           = 000007FEE74FE640
[LOG] SystemI::createSoundInternal             : exinfo->fileuserdata       = 000000005CB2C658
[LOG] SystemI::createSoundInternal             : exinfo->initialseekpostype = 1
[LOG] SystemI::DSPCodecPoolRegister            : register codec pool for pool type 5
[LOG] SystemI::createSoundInternal             : Sample 0/1: name='attack2', format=2, channels=2, frequency=48000, lengthbytes=8896, lengthpcm=40772, pcmblocksize=0, loopstart=0, loopend=0, mode=0x00000000, channelmask=0x00000000, channelorder=0, peakvolume=0.733948.
[LOG] SoundI::release                          :  (000000006E504628)
[LOG] SoundI::release                          :     idle3 (000000006E23F788)
[LOG] SoundI::release                          :  (000000006E504908)
[LOG] SoundI::release                          :     attack2 (000000006E23FAC8)
[LOG] SoundI::release                          :  (000000006E1EBC08)
[LOG] SoundI::release                          :     puloNiara (000000005CD85CF8)
[LOG] SoundI::release                          :  (000000006E5044B8)
[LOG] SoundI::release                          :     impacto1 (000000006E23F5E8)
[LOG] SoundI::release                          :  (000000006E1EC4A8)
[LOG] SoundI::release                          :     impacto2 (000000006E23EF68)
[LOG] SoundI::release                          :  (000000006E1EC058)
[LOG] SoundI::release                          :     impacto3 (000000005CD861D8)
[LOG] SoundI::release                          :  (000000006E1EC338)
[LOG] SoundI::release                          :     impacto4 (000000006E23EDC8)
[LOG] SoundI::release                          :  (000000006E1EC1C8)
[LOG] SoundI::release                          :     impacto5 (000000005CD86378)
[LOG] SoundI::release                          :  (000000006E5041D8)
[LOG] SoundI::release                          :     impacto6 (000000006E23F2A8)
[LOG] SoundI::release                          :  (000000006E1EC618)
[LOG] SoundI::release                          :     impacto7 (000000006E23F108)
[LOG] SoundI::release                          :  (000000006E504348)
[LOG] SoundI::release                          :     impacto8 (000000006E23F448)
[LOG] SoundI::release                          :  (000000006E504798)
[LOG] SoundI::release                          :     almaUp (000000006E23F928)
[LOG] SoundI::release                          :  (000000006E412538)
[LOG] SoundI::release                          :     idle1 (000000006E243148)
[LOG] SoundI::release                          :  (000000006E1EBD78)
[LOG] SoundI::release                          :     doubleJump1 (000000005CD85E98)
[LOG] SoundI::release                          :  (000000006E412F48)
[LOG] SoundI::release                          :     stone1 (000000006E243CA8)
[LOG] SoundI::release                          :  (000000005C8A2FC8)
[LOG] SoundI::release                          :     stone3 (000000006E410568)
[LOG] SoundI::release                          :  (000000005C8A2E58)
[LOG] SoundI::release                          :     metal1 (000000006E4103C8)
[LOG] SoundI::release                          :  (000000006E412818)
[LOG] SoundI::release                          :     metal2 (000000006E243488)
[LOG] SoundI::release                          :  (000000005C8A3138)
[LOG] SoundI::release                          :     metal3 (000000006E410708)
[LOG] SoundI::release                          :  (000000005C8A32A8)
[LOG] SoundI::release                          :     metal4 (000000006E4108A8)
[LOG] SoundI::release                          :  (000000006E4126A8)
[LOG] SoundI::release                          :     grama1 (000000006E2432E8)
[LOG] SoundI::release                          :  (000000005C8A39D8)
[LOG] SoundI::release                          :     grama2 (000000006E4110C8)
[LOG] SoundI::release                          :  (000000005C8A3418)
[LOG] SoundI::release                          :     grama3 (000000006E410A48)
[LOG] SoundI::release                          :  (000000005C8A3588)
[LOG] SoundI::release                          :     grama4 (000000006E410BE8)
[LOG] SoundI::release                          :  (000000005C8A36F8)
[LOG] SoundI::release                          :     madeira-01 (000000006E410D88)
[LOG] SoundI::release                          :  (000000006E412DD8)
[LOG] SoundI::release                          :     madeira-02 (000000006E243B08)
[LOG] SoundI::release                          :  (000000006E412AF8)
[LOG] SoundI::release                          :     madeira-03 (000000006E2437C8)
[LOG] SoundI::release                          :  (000000006E412988)
[LOG] SoundI::release                          :     madeira-04 (000000006E243628)
[LOG] SoundI::release                          :  (000000005C8A3868)
[LOG] SoundI::release                          :     madeira-05 (000000006E410F28)
[LOG] SoundI::release                          :  (000000006E412C68)
[LOG] SoundI::release                          :     madeira-06 (000000006E243968)
[LOG] SoundI::release                          :  (000000006E4130B8)
[LOG] SoundI::release                          :     stone2 (000000006E243E48)
[LOG] SoundI::release                          :  (000000006E1EB928)
[LOG] SoundI::release                          :     prensaImpacto (000000005CD85818)
[LOG] SoundI::release                          :  (000000006E1EBEE8)
[LOG] SoundI::release                          :     ataqueOnca1 (000000005CD86038)
[LOG] SoundI::release                          :  (000000005C8A3B48)
[LOG] SoundI::release                          :     prensaVolta (000000005CD85678)
[LOG] Thread::callback                         : FMOD Studio update thread finished.
[LOG] Thread::callback                         : FMOD Studio bank load thread finished.
[LOG] Profile::disconnectAll                   : Profiler disconnecting all clients
[LOG] Thread::callback                         : FMOD Studio sample load thread finished.
[LOG] LiveUpdate::release                      : 
[LOG] LiveUpdate::reset                        : Reset connection (reason Disconnected)
[LOG] Thread::callback                         : FMOD stream thread finished.
[LOG] Thread::callback                         : FMOD mixer thread finished.
[LOG] Profile::disconnectAll                   : Profiler disconnecting all clients
[LOG] SystemI::close                           : Closed.
